<?xml version="1.0" encoding="UTF-8"?>
<!-- Generated by org.testng.reporters.JUnitReportReporter -->
<testsuite skipped="0" hostname="HDC3-L-6FH1NW2" name="com.DemoProject.TestCases.test1" tests="2" failures="0" timestamp="16 Jul 2020 13:34:05 GMT" time="11.777" errors="0">
  <testcase name="logoutApp" time="2.135" classname="com.DemoProject.TestCases.test1"/>
  <testcase name="loginWIthAdmin" time="9.642" classname="com.DemoProject.TestCases.test1"/>
</testsuite> <!-- com.DemoProject.TestCases.test1 -->
