<?xml version="1.0" encoding="UTF-8"?>
<!-- Generated by org.testng.reporters.JUnitReportReporter -->
<testsuite skipped="0" hostname="DESKTOP-6ELM0OD" name="com.DemoProject.UnitTest.DataproviderTest" tests="2" failures="0" timestamp="26 Jun 2020 15:04:42 GMT" time="1.086" errors="0">
  <testcase name="excelTest1" time="1.037" classname="com.DemoProject.UnitTest.DataproviderTest"/>
  <testcase name="excelTest" time="0.049" classname="com.DemoProject.UnitTest.DataproviderTest"/>
</testsuite> <!-- com.DemoProject.UnitTest.DataproviderTest -->
