<?xml version="1.0" encoding="UTF-8"?>
<!-- Generated by org.testng.reporters.JUnitReportReporter -->
<testsuite skipped="0" hostname="DESKTOP-6ELM0OD" name="com.DemoProject.TestCases.test1" tests="2" failures="0" timestamp="02 Jul 2020 15:43:34 GMT" time="15.524" errors="0">
  <testcase name="loginWIthAdmin" time="11.455" classname="com.DemoProject.TestCases.test1"/>
  <testcase name="logoutApp" time="4.069" classname="com.DemoProject.TestCases.test1"/>
</testsuite> <!-- com.DemoProject.TestCases.test1 -->
