<?xml version="1.0" encoding="UTF-8"?>
<!-- Generated by org.testng.reporters.JUnitReportReporter -->
<testsuite skipped="0" hostname="HDC3-L-6FH1NW2" name="com.DemoProject.Pages.AirTicket" tests="1" failures="0" timestamp="24 Jul 2020 13:04:58 GMT" time="30.796" errors="0">
  <testcase name="Login" time="30.796" classname="com.DemoProject.Pages.AirTicket"/>
</testsuite> <!-- com.DemoProject.Pages.AirTicket -->
